2023-07-07 11:57:57 [main] WARN  io.sentry.DefaultSentryClientFactory - No 'stacktrace.app.packages' was configured, this option is highly recommended as it affects stacktrace grouping and display on Sentry. See documentation: https://docs.sentry.io/clients/java/config/#in-application-stack-frames
2023-07-07 11:57:57 [main] WARN  io.sentry.DefaultSentryClientFactory - No 'stacktrace.app.packages' was configured, this option is highly recommended as it affects stacktrace grouping and display on Sentry. See documentation: https://docs.sentry.io/clients/java/config/#in-application-stack-frames
2023-07-07 11:57:57 [main] INFO  binsets - Starting ESL application...
2023-07-07 11:57:59 [main] INFO  binsets - Fetching all binsets from: July 6, 2023 03:01 PM GMT+3
2023-07-07 11:57:59 [main] INFO  wavemark.wmrestclient - Calling WS 'https://testonline.wavemark.net/kanban/esl/binsets' STARTED
2023-07-07 11:58:01 [main] INFO  wavemark.wmrestclient - Web service: 'https://testonline.wavemark.net/kanban/esl/binsets' ENDED
2023-07-07 11:58:01 [main] INFO  binsets - Downloaded the 0 binset(s) from App:
 [ ]
2023-07-07 11:58:01 [main] INFO  binsets - Added 0 new product(s).
2023-07-07 11:58:03 [main] ERROR binsets - Failed to update ESL's due to a communication error with Solum...PKIX path building failed: sun.security.provider.certpath.SunCertPathBuilderException: unable to find valid certification path to requested target
javax.net.ssl.SSLHandshakeException: PKIX path building failed: sun.security.provider.certpath.SunCertPathBuilderException: unable to find valid certification path to requested target
	at sun.security.ssl.Alert.createSSLException(Alert.java:131) ~[?:1.8.0_372]
	at sun.security.ssl.TransportContext.fatal(TransportContext.java:331) ~[?:1.8.0_372]
	at sun.security.ssl.TransportContext.fatal(TransportContext.java:274) ~[?:1.8.0_372]
	at sun.security.ssl.TransportContext.fatal(TransportContext.java:269) ~[?:1.8.0_372]
	at sun.security.ssl.CertificateMessage$T12CertificateConsumer.checkServerCerts(CertificateMessage.java:654) ~[?:1.8.0_372]
	at sun.security.ssl.CertificateMessage$T12CertificateConsumer.onCertificate(CertificateMessage.java:473) ~[?:1.8.0_372]
	at sun.security.ssl.CertificateMessage$T12CertificateConsumer.consume(CertificateMessage.java:369) ~[?:1.8.0_372]
	at sun.security.ssl.SSLHandshake.consume(SSLHandshake.java:377) ~[?:1.8.0_372]
	at sun.security.ssl.HandshakeContext.dispatch(HandshakeContext.java:444) ~[?:1.8.0_372]
	at sun.security.ssl.HandshakeContext.dispatch(HandshakeContext.java:422) ~[?:1.8.0_372]
	at sun.security.ssl.TransportContext.dispatch(TransportContext.java:182) ~[?:1.8.0_372]
	at sun.security.ssl.SSLTransport.decode(SSLTransport.java:152) ~[?:1.8.0_372]
	at sun.security.ssl.SSLSocketImpl.decode(SSLSocketImpl.java:1397) ~[?:1.8.0_372]
	at sun.security.ssl.SSLSocketImpl.readHandshakeRecord(SSLSocketImpl.java:1305) ~[?:1.8.0_372]
	at sun.security.ssl.SSLSocketImpl.startHandshake(SSLSocketImpl.java:440) ~[?:1.8.0_372]
	at okhttp3.internal.connection.RealConnection.connectTls(RealConnection.java:336) ~[okhttp-3.14.1.jar:?]
	at okhttp3.internal.connection.RealConnection.establishProtocol(RealConnection.java:300) ~[okhttp-3.14.1.jar:?]
	at okhttp3.internal.connection.RealConnection.connect(RealConnection.java:185) ~[okhttp-3.14.1.jar:?]
	at okhttp3.internal.connection.ExchangeFinder.findConnection(ExchangeFinder.java:224) ~[okhttp-3.14.1.jar:?]
	at okhttp3.internal.connection.ExchangeFinder.findHealthyConnection(ExchangeFinder.java:107) ~[okhttp-3.14.1.jar:?]
	at okhttp3.internal.connection.ExchangeFinder.find(ExchangeFinder.java:87) ~[okhttp-3.14.1.jar:?]
	at okhttp3.internal.connection.Transmitter.newExchange(Transmitter.java:169) ~[okhttp-3.14.1.jar:?]
	at okhttp3.internal.connection.ConnectInterceptor.intercept(ConnectInterceptor.java:41) ~[okhttp-3.14.1.jar:?]
	at okhttp3.internal.http.RealInterceptorChain.proceed(RealInterceptorChain.java:142) ~[okhttp-3.14.1.jar:?]
	at okhttp3.internal.http.RealInterceptorChain.proceed(RealInterceptorChain.java:117) ~[okhttp-3.14.1.jar:?]
	at okhttp3.internal.cache.CacheInterceptor.intercept(CacheInterceptor.java:94) ~[okhttp-3.14.1.jar:?]
	at okhttp3.internal.http.RealInterceptorChain.proceed(RealInterceptorChain.java:142) ~[okhttp-3.14.1.jar:?]
	at okhttp3.internal.http.RealInterceptorChain.proceed(RealInterceptorChain.java:117) ~[okhttp-3.14.1.jar:?]
	at okhttp3.internal.http.BridgeInterceptor.intercept(BridgeInterceptor.java:93) ~[okhttp-3.14.1.jar:?]
	at okhttp3.internal.http.RealInterceptorChain.proceed(RealInterceptorChain.java:142) ~[okhttp-3.14.1.jar:?]
	at okhttp3.internal.http.RetryAndFollowUpInterceptor.intercept(RetryAndFollowUpInterceptor.java:88) ~[okhttp-3.14.1.jar:?]
	at okhttp3.internal.http.RealInterceptorChain.proceed(RealInterceptorChain.java:142) ~[okhttp-3.14.1.jar:?]
	at okhttp3.internal.http.RealInterceptorChain.proceed(RealInterceptorChain.java:117) ~[okhttp-3.14.1.jar:?]
	at okhttp3.RealCall.getResponseWithInterceptorChain(RealCall.java:221) ~[okhttp-3.14.1.jar:?]
	at okhttp3.RealCall.execute(RealCall.java:81) ~[okhttp-3.14.1.jar:?]
	at main.java.wavemark.SolumWebservices.getSolumAccessToken(SolumWebservices.java:112) ~[EslResearchAndDevelopment/:?]
	at main.java.wavemark.SolumWebservices.updateSolumProducts(SolumWebservices.java:30) [EslResearchAndDevelopment/:?]
	at main.java.wavemark.ESLBulkUpdateTags.main(ESLBulkUpdateTags.java:114) [EslResearchAndDevelopment/:?]
Caused by: sun.security.validator.ValidatorException: PKIX path building failed: sun.security.provider.certpath.SunCertPathBuilderException: unable to find valid certification path to requested target
	at sun.security.validator.PKIXValidator.doBuild(PKIXValidator.java:456) ~[?:1.8.0_372]
	at sun.security.validator.PKIXValidator.engineValidate(PKIXValidator.java:323) ~[?:1.8.0_372]
	at sun.security.validator.Validator.validate(Validator.java:271) ~[?:1.8.0_372]
	at sun.security.ssl.X509TrustManagerImpl.validate(X509TrustManagerImpl.java:315) ~[?:1.8.0_372]
	at sun.security.ssl.X509TrustManagerImpl.checkTrusted(X509TrustManagerImpl.java:223) ~[?:1.8.0_372]
	at sun.security.ssl.X509TrustManagerImpl.checkServerTrusted(X509TrustManagerImpl.java:129) ~[?:1.8.0_372]
	at sun.security.ssl.CertificateMessage$T12CertificateConsumer.checkServerCerts(CertificateMessage.java:638) ~[?:1.8.0_372]
	... 33 more
Caused by: sun.security.provider.certpath.SunCertPathBuilderException: unable to find valid certification path to requested target
	at sun.security.provider.certpath.SunCertPathBuilder.build(SunCertPathBuilder.java:146) ~[?:1.8.0_372]
	at sun.security.provider.certpath.SunCertPathBuilder.engineBuild(SunCertPathBuilder.java:127) ~[?:1.8.0_372]
	at java.security.cert.CertPathBuilder.build(CertPathBuilder.java:280) ~[?:1.8.0_372]
	at sun.security.validator.PKIXValidator.doBuild(PKIXValidator.java:451) ~[?:1.8.0_372]
	at sun.security.validator.PKIXValidator.engineValidate(PKIXValidator.java:323) ~[?:1.8.0_372]
	at sun.security.validator.Validator.validate(Validator.java:271) ~[?:1.8.0_372]
	at sun.security.ssl.X509TrustManagerImpl.validate(X509TrustManagerImpl.java:315) ~[?:1.8.0_372]
	at sun.security.ssl.X509TrustManagerImpl.checkTrusted(X509TrustManagerImpl.java:223) ~[?:1.8.0_372]
	at sun.security.ssl.X509TrustManagerImpl.checkServerTrusted(X509TrustManagerImpl.java:129) ~[?:1.8.0_372]
	at sun.security.ssl.CertificateMessage$T12CertificateConsumer.checkServerCerts(CertificateMessage.java:638) ~[?:1.8.0_372]
	... 33 more
2023-07-07 11:58:03 [main] ERROR binsets - Error occurred while trying to refresh ESL's...

javax.net.ssl.SSLHandshakeException: PKIX path building failed: sun.security.provider.certpath.SunCertPathBuilderException: unable to find valid certification path to requested target
	at sun.security.ssl.Alert.createSSLException(Alert.java:131) ~[?:1.8.0_372]
	at sun.security.ssl.TransportContext.fatal(TransportContext.java:331) ~[?:1.8.0_372]
	at sun.security.ssl.TransportContext.fatal(TransportContext.java:274) ~[?:1.8.0_372]
	at sun.security.ssl.TransportContext.fatal(TransportContext.java:269) ~[?:1.8.0_372]
	at sun.security.ssl.CertificateMessage$T12CertificateConsumer.checkServerCerts(CertificateMessage.java:654) ~[?:1.8.0_372]
	at sun.security.ssl.CertificateMessage$T12CertificateConsumer.onCertificate(CertificateMessage.java:473) ~[?:1.8.0_372]
	at sun.security.ssl.CertificateMessage$T12CertificateConsumer.consume(CertificateMessage.java:369) ~[?:1.8.0_372]
	at sun.security.ssl.SSLHandshake.consume(SSLHandshake.java:377) ~[?:1.8.0_372]
	at sun.security.ssl.HandshakeContext.dispatch(HandshakeContext.java:444) ~[?:1.8.0_372]
	at sun.security.ssl.HandshakeContext.dispatch(HandshakeContext.java:422) ~[?:1.8.0_372]
	at sun.security.ssl.TransportContext.dispatch(TransportContext.java:182) ~[?:1.8.0_372]
	at sun.security.ssl.SSLTransport.decode(SSLTransport.java:152) ~[?:1.8.0_372]
	at sun.security.ssl.SSLSocketImpl.decode(SSLSocketImpl.java:1397) ~[?:1.8.0_372]
	at sun.security.ssl.SSLSocketImpl.readHandshakeRecord(SSLSocketImpl.java:1305) ~[?:1.8.0_372]
	at sun.security.ssl.SSLSocketImpl.startHandshake(SSLSocketImpl.java:440) ~[?:1.8.0_372]
	at okhttp3.internal.connection.RealConnection.connectTls(RealConnection.java:336) ~[okhttp-3.14.1.jar:?]
	at okhttp3.internal.connection.RealConnection.establishProtocol(RealConnection.java:300) ~[okhttp-3.14.1.jar:?]
	at okhttp3.internal.connection.RealConnection.connect(RealConnection.java:185) ~[okhttp-3.14.1.jar:?]
	at okhttp3.internal.connection.ExchangeFinder.findConnection(ExchangeFinder.java:224) ~[okhttp-3.14.1.jar:?]
	at okhttp3.internal.connection.ExchangeFinder.findHealthyConnection(ExchangeFinder.java:107) ~[okhttp-3.14.1.jar:?]
	at okhttp3.internal.connection.ExchangeFinder.find(ExchangeFinder.java:87) ~[okhttp-3.14.1.jar:?]
	at okhttp3.internal.connection.Transmitter.newExchange(Transmitter.java:169) ~[okhttp-3.14.1.jar:?]
	at okhttp3.internal.connection.ConnectInterceptor.intercept(ConnectInterceptor.java:41) ~[okhttp-3.14.1.jar:?]
	at okhttp3.internal.http.RealInterceptorChain.proceed(RealInterceptorChain.java:142) ~[okhttp-3.14.1.jar:?]
	at okhttp3.internal.http.RealInterceptorChain.proceed(RealInterceptorChain.java:117) ~[okhttp-3.14.1.jar:?]
	at okhttp3.internal.cache.CacheInterceptor.intercept(CacheInterceptor.java:94) ~[okhttp-3.14.1.jar:?]
	at okhttp3.internal.http.RealInterceptorChain.proceed(RealInterceptorChain.java:142) ~[okhttp-3.14.1.jar:?]
	at okhttp3.internal.http.RealInterceptorChain.proceed(RealInterceptorChain.java:117) ~[okhttp-3.14.1.jar:?]
	at okhttp3.internal.http.BridgeInterceptor.intercept(BridgeInterceptor.java:93) ~[okhttp-3.14.1.jar:?]
	at okhttp3.internal.http.RealInterceptorChain.proceed(RealInterceptorChain.java:142) ~[okhttp-3.14.1.jar:?]
	at okhttp3.internal.http.RetryAndFollowUpInterceptor.intercept(RetryAndFollowUpInterceptor.java:88) ~[okhttp-3.14.1.jar:?]
	at okhttp3.internal.http.RealInterceptorChain.proceed(RealInterceptorChain.java:142) ~[okhttp-3.14.1.jar:?]
	at okhttp3.internal.http.RealInterceptorChain.proceed(RealInterceptorChain.java:117) ~[okhttp-3.14.1.jar:?]
	at okhttp3.RealCall.getResponseWithInterceptorChain(RealCall.java:221) ~[okhttp-3.14.1.jar:?]
	at okhttp3.RealCall.execute(RealCall.java:81) ~[okhttp-3.14.1.jar:?]
	at main.java.wavemark.SolumWebservices.getSolumAccessToken(SolumWebservices.java:112) ~[EslResearchAndDevelopment/:?]
	at main.java.wavemark.SolumWebservices.updateSolumProducts(SolumWebservices.java:30) ~[EslResearchAndDevelopment/:?]
	at main.java.wavemark.ESLBulkUpdateTags.main(ESLBulkUpdateTags.java:114) [EslResearchAndDevelopment/:?]
Caused by: sun.security.validator.ValidatorException: PKIX path building failed: sun.security.provider.certpath.SunCertPathBuilderException: unable to find valid certification path to requested target
	at sun.security.validator.PKIXValidator.doBuild(PKIXValidator.java:456) ~[?:1.8.0_372]
	at sun.security.validator.PKIXValidator.engineValidate(PKIXValidator.java:323) ~[?:1.8.0_372]
	at sun.security.validator.Validator.validate(Validator.java:271) ~[?:1.8.0_372]
	at sun.security.ssl.X509TrustManagerImpl.validate(X509TrustManagerImpl.java:315) ~[?:1.8.0_372]
	at sun.security.ssl.X509TrustManagerImpl.checkTrusted(X509TrustManagerImpl.java:223) ~[?:1.8.0_372]
	at sun.security.ssl.X509TrustManagerImpl.checkServerTrusted(X509TrustManagerImpl.java:129) ~[?:1.8.0_372]
	at sun.security.ssl.CertificateMessage$T12CertificateConsumer.checkServerCerts(CertificateMessage.java:638) ~[?:1.8.0_372]
	... 33 more
Caused by: sun.security.provider.certpath.SunCertPathBuilderException: unable to find valid certification path to requested target
	at sun.security.provider.certpath.SunCertPathBuilder.build(SunCertPathBuilder.java:146) ~[?:1.8.0_372]
	at sun.security.provider.certpath.SunCertPathBuilder.engineBuild(SunCertPathBuilder.java:127) ~[?:1.8.0_372]
	at java.security.cert.CertPathBuilder.build(CertPathBuilder.java:280) ~[?:1.8.0_372]
	at sun.security.validator.PKIXValidator.doBuild(PKIXValidator.java:451) ~[?:1.8.0_372]
	at sun.security.validator.PKIXValidator.engineValidate(PKIXValidator.java:323) ~[?:1.8.0_372]
	at sun.security.validator.Validator.validate(Validator.java:271) ~[?:1.8.0_372]
	at sun.security.ssl.X509TrustManagerImpl.validate(X509TrustManagerImpl.java:315) ~[?:1.8.0_372]
	at sun.security.ssl.X509TrustManagerImpl.checkTrusted(X509TrustManagerImpl.java:223) ~[?:1.8.0_372]
	at sun.security.ssl.X509TrustManagerImpl.checkServerTrusted(X509TrustManagerImpl.java:129) ~[?:1.8.0_372]
	at sun.security.ssl.CertificateMessage$T12CertificateConsumer.checkServerCerts(CertificateMessage.java:638) ~[?:1.8.0_372]
	... 33 more
2023-07-07 11:58:13 [main] WARN  io.sentry.DefaultSentryClientFactory - No 'stacktrace.app.packages' was configured, this option is highly recommended as it affects stacktrace grouping and display on Sentry. See documentation: https://docs.sentry.io/clients/java/config/#in-application-stack-frames
2023-07-07 11:58:13 [main] WARN  io.sentry.DefaultSentryClientFactory - No 'stacktrace.app.packages' was configured, this option is highly recommended as it affects stacktrace grouping and display on Sentry. See documentation: https://docs.sentry.io/clients/java/config/#in-application-stack-frames
2023-07-07 11:58:14 [main] INFO  binsets - Starting ESL application...
2023-07-07 11:58:16 [main] INFO  binsets - Fetching all binsets from: July 6, 2023 03:01 PM GMT+3
2023-07-07 11:58:16 [main] INFO  wavemark.wmrestclient - Calling WS 'https://testonline.wavemark.net/kanban/esl/binsets' STARTED
2023-07-07 11:58:19 [main] INFO  wavemark.wmrestclient - Web service: 'https://testonline.wavemark.net/kanban/esl/binsets' ENDED
2023-07-07 11:58:19 [main] INFO  binsets - Downloaded the 0 binset(s) from App:
 [ ]
2023-07-07 11:58:19 [main] INFO  binsets - Added 0 new product(s).
2023-07-07 11:58:24 [main] INFO  binsets - Uploading the binsets to Solum: [ ]
2023-07-07 11:58:24 [main] INFO  binsets - A total of 0 product(s) were updated.
2023-07-07 11:58:24 [main] INFO  binsets - All products up-to date July 7, 2023 11:58 AM GMT+3
2023-07-07 11:58:24 [main] INFO  binsets - Done
